<?xml version="1.0" encoding="UTF-8"?>
<!-- Generated by org.testng.reporters.JUnitXMLReporter -->
<testsuite hostname="RaushanLaptop" ignored="0" name="Opencart Tests" tests="5" failures="0" timestamp="2022-01-02T13:07:04 IST" time="60.601" errors="0">
  <testcase name="test_Account_Registration" time="8.461" classname="testCases.TC_001_AccountRegistration"/>
  <testcase name="test_login" time="7.532" classname="testCases.TC_002_Login"/>
  <testcase name="test_LoginDDT" time="10.52" classname="testCases.TC_003_LoginDDT"/>
  <testcase name="test_LoginDDT" time="14.839" classname="testCases.TC_003_LoginDDT"/>
  <testcase name="test_LoginDDT" time="10.049" classname="testCases.TC_003_LoginDDT"/>
</testsuite> <!-- Opencart Tests -->
