<?xml version="1.0" encoding="UTF-8"?>
<testng-results skipped="0" failed="0" ignored="0" total="1" passed="1">
  <reporter-output>
  </reporter-output>
  <suite name="Opencart Test Suite" duration-ms="15137" started-at="2022-01-02T23:54:29 IST" finished-at="2022-01-02T23:54:44 IST">
    <groups>
    </groups>
    <test name="Opencart Tests" duration-ms="15137" started-at="2022-01-02T23:54:29 IST" finished-at="2022-01-02T23:54:44 IST">
      <class name="testCases.TC_004_ForgotPassword">
        <test-method status="PASS" signature="setUp(java.lang.String)[pri:0, instance:testCases.TC_004_ForgotPassword@55a561cf]" name="setUp" is-config="true" duration-ms="5853" started-at="2022-01-02T23:54:29 IST" finished-at="2022-01-02T23:54:35 IST">
          <params>
            <param index="0">
              <value>
                <![CDATA[chrome]]>
              </value>
            </param>
          </params>
          <reporter-output>
          </reporter-output>
        </test-method> <!-- setUp -->
        <test-method status="PASS" signature="test_forgot_password()[pri:0, instance:testCases.TC_004_ForgotPassword@55a561cf]" name="test_forgot_password" duration-ms="8836" started-at="2022-01-02T23:54:35 IST" finished-at="2022-01-02T23:54:44 IST">
          <reporter-output>
          </reporter-output>
        </test-method> <!-- test_forgot_password -->
        <test-method status="PASS" signature="tearDown()[pri:0, instance:testCases.TC_004_ForgotPassword@55a561cf]" name="tearDown" is-config="true" duration-ms="69" started-at="2022-01-02T23:54:44 IST" finished-at="2022-01-02T23:54:44 IST">
          <reporter-output>
          </reporter-output>
        </test-method> <!-- tearDown -->
      </class> <!-- testCases.TC_004_ForgotPassword -->
    </test> <!-- Opencart Tests -->
  </suite> <!-- Opencart Test Suite -->
</testng-results>
