<?xml version="1.0" encoding="UTF-8"?>
<testng-results skipped="0" failed="0" ignored="0" total="2" passed="2">
  <reporter-output>
  </reporter-output>
  <suite name="Opencart Test Suite" duration-ms="22284" started-at="2022-01-01T23:29:19 IST" finished-at="2022-01-01T23:29:41 IST">
    <groups>
      <group name="regression">
        <method signature="TC_001_AccountRegistration.test_Account_Registration()[pri:0, instance:testCases.TC_001_AccountRegistration@436a4e4b]" name="test_Account_Registration" class="testCases.TC_001_AccountRegistration"/>
      </group> <!-- regression -->
      <group name="sanity">
        <method signature="TC_002_Login.test_login()[pri:0, instance:testCases.TC_002_Login@6156496]" name="test_login" class="testCases.TC_002_Login"/>
      </group> <!-- sanity -->
      <group name="master">
        <method signature="TC_001_AccountRegistration.test_Account_Registration()[pri:0, instance:testCases.TC_001_AccountRegistration@436a4e4b]" name="test_Account_Registration" class="testCases.TC_001_AccountRegistration"/>
        <method signature="TC_002_Login.test_login()[pri:0, instance:testCases.TC_002_Login@6156496]" name="test_login" class="testCases.TC_002_Login"/>
      </group> <!-- master -->
    </groups>
    <test name="Opencart Tests" duration-ms="22284" started-at="2022-01-01T23:29:19 IST" finished-at="2022-01-01T23:29:41 IST">
      <class name="testCases.TC_001_AccountRegistration">
        <test-method status="PASS" signature="setUp(java.lang.String)[pri:0, instance:testCases.TC_001_AccountRegistration@436a4e4b]" name="setUp" is-config="true" duration-ms="4077" started-at="2022-01-01T23:29:19 IST" finished-at="2022-01-01T23:29:24 IST">
          <params>
            <param index="0">
              <value>
                <![CDATA[chrome]]>
              </value>
            </param>
          </params>
          <reporter-output>
          </reporter-output>
        </test-method> <!-- setUp -->
        <test-method status="PASS" signature="test_Account_Registration()[pri:0, instance:testCases.TC_001_AccountRegistration@436a4e4b]" name="test_Account_Registration" duration-ms="8080" started-at="2022-01-01T23:29:24 IST" finished-at="2022-01-01T23:29:32 IST">
          <reporter-output>
          </reporter-output>
        </test-method> <!-- test_Account_Registration -->
        <test-method status="PASS" signature="tearDown()[pri:0, instance:testCases.TC_001_AccountRegistration@436a4e4b]" name="tearDown" is-config="true" duration-ms="90" started-at="2022-01-01T23:29:32 IST" finished-at="2022-01-01T23:29:32 IST">
          <reporter-output>
          </reporter-output>
        </test-method> <!-- tearDown -->
      </class> <!-- testCases.TC_001_AccountRegistration -->
      <class name="testCases.TC_002_Login">
        <test-method status="PASS" signature="setUp(java.lang.String)[pri:0, instance:testCases.TC_002_Login@6156496]" name="setUp" is-config="true" duration-ms="1459" started-at="2022-01-01T23:29:32 IST" finished-at="2022-01-01T23:29:33 IST">
          <params>
            <param index="0">
              <value>
                <![CDATA[chrome]]>
              </value>
            </param>
          </params>
          <reporter-output>
          </reporter-output>
        </test-method> <!-- setUp -->
        <test-method status="PASS" signature="test_login()[pri:0, instance:testCases.TC_002_Login@6156496]" name="test_login" duration-ms="8137" started-at="2022-01-01T23:29:33 IST" finished-at="2022-01-01T23:29:41 IST">
          <reporter-output>
          </reporter-output>
        </test-method> <!-- test_login -->
        <test-method status="PASS" signature="tearDown()[pri:0, instance:testCases.TC_002_Login@6156496]" name="tearDown" is-config="true" duration-ms="58" started-at="2022-01-01T23:29:41 IST" finished-at="2022-01-01T23:29:41 IST">
          <reporter-output>
          </reporter-output>
        </test-method> <!-- tearDown -->
      </class> <!-- testCases.TC_002_Login -->
    </test> <!-- Opencart Tests -->
  </suite> <!-- Opencart Test Suite -->
</testng-results>
